<?xml version="1.0" encoding="UTF-8"?>
<!-- Generated by org.testng.reporters.JUnitReportReporter -->
<testsuite hostname="DESKTOP-MEGCP4U" name="expOActions_IN_main.EO_AllActions" tests="1" failures="0" timestamp="21 Sep 2021 10:55:49 GMT" time="32.699" errors="0">
  <testcase name="EO_auth" time="32.699" classname="expOActions_IN_main.EO_AllActions"/>
</testsuite> <!-- expOActions_IN_main.EO_AllActions -->
