<?xml version="1.0" encoding="UTF-8"?>
<!-- Generated by org.testng.reporters.JUnitReportReporter -->
<testsuite hostname="DESKTOP-MEGCP4U" name="expOActions_US_main.CreateRequest" tests="10" failures="0" timestamp="21 Sep 2021 07:13:52 GMT" time="81.935" errors="0">
  <testcase name="RIPC_Login" time="20.176" classname="expOActions_US_main.CreateRequest"/>
  <testcase name="select_jrss" time="3.663" classname="expOActions_US_main.CreateRequest"/>
  <testcase name="supp" time="19.329" classname="expOActions_US_main.CreateRequest"/>
  <testcase name="skill_price" time="6.232" classname="expOActions_US_main.CreateRequest"/>
  <testcase name="skill_loc" time="8.567" classname="expOActions_US_main.CreateRequest"/>
  <testcase name="select_Req" time="8.390" classname="expOActions_US_main.CreateRequest"/>
  <testcase name="req_detail" time="12.521" classname="expOActions_US_main.CreateRequest"/>
  <testcase name="skill_Req" time="1.798" classname="expOActions_US_main.CreateRequest"/>
  <testcase name="alert_check" time="0.022" classname="expOActions_US_main.CreateRequest"/>
  <testcase name="Create_Req" time="1.237" classname="expOActions_US_main.CreateRequest"/>
</testsuite> <!-- expOActions_US_main.CreateRequest -->
