<?xml version="1.0" encoding="UTF-8"?>
<!-- Generated by org.testng.reporters.JUnitReportReporter -->
<testsuite hostname="DESKTOP-MEGCP4U" name="expOActions_US_main.PO_Authorization" tests="2" failures="0" timestamp="21 Sep 2021 14:28:10 GMT" time="64.466" errors="0">
  <testcase name="authorize_PO" time="44.768" classname="expOActions_US_main.PO_Authorization"/>
  <testcase name="PO_Login" time="19.698" classname="expOActions_US_main.PO_Authorization"/>
</testsuite> <!-- expOActions_US_main.PO_Authorization -->
