<?xml version="1.0" encoding="UTF-8"?>
<!-- Generated by org.testng.reporters.JUnitReportReporter -->
<testsuite hostname="DESKTOP-MEGCP4U" name="expOActions_US_main.AddResponse" tests="1" failures="0" timestamp="21 Sep 2021 11:53:22 GMT" time="84.163" errors="0">
  <testcase name="add_response" time="84.163" classname="expOActions_US_main.AddResponse"/>
</testsuite> <!-- expOActions_US_main.AddResponse -->
