<?xml version="1.0" encoding="UTF-8"?>
<!-- Generated by org.testng.reporters.JUnitReportReporter -->
<testsuite hostname="DESKTOP-MEGCP4U" name="expOActions_IN_main.FinalizeResponse" tests="2" failures="0" timestamp="21 Sep 2021 12:43:07 GMT" time="109.003" errors="0">
  <testcase name="login" time="71.218" classname="expOActions_IN_main.FinalizeResponse"/>
  <testcase name="Finalize" time="37.785" classname="expOActions_IN_main.FinalizeResponse"/>
</testsuite> <!-- expOActions_IN_main.FinalizeResponse -->
