<?xml version="1.0" encoding="UTF-8"?>
<!-- Generated by org.testng.reporters.JUnitReportReporter -->
<testsuite hostname="DESKTOP-MEGCP4U" name="expOActions_US_main.FinalizeResponse" tests="2" failures="0" timestamp="21 Sep 2021 12:02:48 GMT" time="60.509" errors="0">
  <testcase name="Finalize" time="32.889" classname="expOActions_US_main.FinalizeResponse"/>
  <testcase name="login" time="27.620" classname="expOActions_US_main.FinalizeResponse"/>
</testsuite> <!-- expOActions_US_main.FinalizeResponse -->
