<?xml version="1.0" encoding="UTF-8"?>
<!-- Generated by org.testng.reporters.JUnitReportReporter -->
<testsuite hostname="DESKTOP-MEGCP4U" name="expOActions_UK_main.CreateRequest" tests="10" failures="0" timestamp="21 Sep 2021 07:11:52 GMT" time="133.560" errors="0">
  <testcase name="Create_Req" time="3.901" classname="expOActions_UK_main.CreateRequest"/>
  <testcase name="supp" time="19.641" classname="expOActions_UK_main.CreateRequest"/>
  <testcase name="alert_check" time="0.016" classname="expOActions_UK_main.CreateRequest"/>
  <testcase name="select_jrss" time="5.043" classname="expOActions_UK_main.CreateRequest"/>
  <testcase name="skill_loc" time="9.544" classname="expOActions_UK_main.CreateRequest"/>
  <testcase name="skill_price" time="8.393" classname="expOActions_UK_main.CreateRequest"/>
  <testcase name="req_detail" time="12.965" classname="expOActions_UK_main.CreateRequest"/>
  <testcase name="select_Req" time="7.976" classname="expOActions_UK_main.CreateRequest"/>
  <testcase name="skill_Req" time="1.870" classname="expOActions_UK_main.CreateRequest"/>
  <testcase name="RIPC_Login" time="64.211" classname="expOActions_UK_main.CreateRequest"/>
</testsuite> <!-- expOActions_UK_main.CreateRequest -->
