<?xml version="1.0" encoding="UTF-8"?>
<!-- Generated by org.testng.reporters.JUnitReportReporter -->
<testsuite hostname="DESKTOP-MEGCP4U" name="expOActions_UK_main.AddResponse" tests="1" failures="0" timestamp="21 Sep 2021 12:51:28 GMT" time="87.908" errors="0">
  <testcase name="add_response" time="87.908" classname="expOActions_UK_main.AddResponse"/>
</testsuite> <!-- expOActions_UK_main.AddResponse -->
