<?xml version="1.0" encoding="UTF-8"?>
<!-- Generated by org.testng.reporters.JUnitReportReporter -->
<testsuite hostname="DESKTOP-MEGCP4U" name="expOActions_IN_main.AddResponse" tests="1" failures="0" timestamp="21 Sep 2021 11:47:09 GMT" time="82.445" errors="0">
  <testcase name="add_response" time="82.445" classname="expOActions_IN_main.AddResponse"/>
</testsuite> <!-- expOActions_IN_main.AddResponse -->
