<?xml version="1.0" encoding="UTF-8"?>
<!-- Generated by org.testng.reporters.JUnitReportReporter -->
<testsuite hostname="DESKTOP-MEGCP4U" name="expOActions_UK_main.FinalizeResponse" tests="2" failures="0" timestamp="21 Sep 2021 12:54:20 GMT" time="118.978" errors="0">
  <testcase name="login" time="74.819" classname="expOActions_UK_main.FinalizeResponse"/>
  <testcase name="Finalize" time="44.159" classname="expOActions_UK_main.FinalizeResponse"/>
</testsuite> <!-- expOActions_UK_main.FinalizeResponse -->
