<?xml version="1.0" encoding="UTF-8"?>
<!-- Generated by org.testng.reporters.JUnitReportReporter -->
<testsuite hostname="DESKTOP-MEGCP4U" name="expOActions_UK_main.CRB_Auth" tests="2" failures="0" timestamp="21 Sep 2021 08:31:06 GMT" time="38.837" errors="0">
  <testcase name="CRB_login" time="20.448" classname="expOActions_UK_main.CRB_Auth"/>
  <testcase name="CRB_auth" time="18.389" classname="expOActions_UK_main.CRB_Auth"/>
</testsuite> <!-- expOActions_UK_main.CRB_Auth -->
