<?xml version="1.0" encoding="UTF-8"?>
<!-- Generated by org.testng.reporters.JUnitReportReporter -->
<testsuite hostname="DESKTOP-MEGCP4U" name="expOActions_US_main.CRB_Auth" tests="2" failures="0" timestamp="21 Sep 2021 08:32:54 GMT" time="84.654" errors="0">
  <testcase name="CRB_login" time="65.228" classname="expOActions_US_main.CRB_Auth"/>
  <testcase name="CRB_auth" time="19.426" classname="expOActions_US_main.CRB_Auth"/>
</testsuite> <!-- expOActions_US_main.CRB_Auth -->
