<?xml version="1.0" encoding="UTF-8"?>
<!-- Generated by org.testng.reporters.JUnitReportReporter -->
<testsuite hostname="DESKTOP-MEGCP4U" name="expOActions_IN_main.CreateRequest" tests="10" failures="0" timestamp="21 Sep 2021 07:06:02 GMT" time="125.517" errors="0">
  <testcase name="Create_Req" time="1.257" classname="expOActions_IN_main.CreateRequest"/>
  <testcase name="select_jrss" time="4.750" classname="expOActions_IN_main.CreateRequest"/>
  <testcase name="supp" time="17.456" classname="expOActions_IN_main.CreateRequest"/>
  <testcase name="skill_loc" time="8.629" classname="expOActions_IN_main.CreateRequest"/>
  <testcase name="select_Req" time="6.629" classname="expOActions_IN_main.CreateRequest"/>
  <testcase name="req_detail" time="12.499" classname="expOActions_IN_main.CreateRequest"/>
  <testcase name="RIPC_Login" time="64.018" classname="expOActions_IN_main.CreateRequest"/>
  <testcase name="skill_Req" time="2.134" classname="expOActions_IN_main.CreateRequest"/>
  <testcase name="alert_check" time="0.019" classname="expOActions_IN_main.CreateRequest"/>
  <testcase name="skill_price" time="8.126" classname="expOActions_IN_main.CreateRequest"/>
</testsuite> <!-- expOActions_IN_main.CreateRequest -->
